0 info it worked if it ends with ok
1 verbose cli [
1 verbose cli   'C:\\Program Files\\nodejs\\node.exe',
1 verbose cli   'C:\\Program Files\\nodejs\\node_modules\\npm\\bin\\npm-cli.js',
1 verbose cli   'install',
1 verbose cli   'firebase'
1 verbose cli ]
2 info using npm@6.14.4
3 info using node@v12.17.0
4 verbose npm-session 87d554d9d623645d
5 silly install loadCurrentTree
6 silly install readLocalPackageData
7 silly fetchPackageMetaData error for firebase@latest Response timeout while trying to fetch https://registry.npmjs.org/firebase (over 6000ms)
8 timing stage:rollbackFailedOptional Completed in 2ms
9 timing stage:runTopLevelLifecycles Completed in 25856ms
10 verbose type body-timeout
11 verbose stack FetchError: Response timeout while trying to fetch https://registry.npmjs.org/firebase (over 6000ms)
11 verbose stack     at Timeout._onTimeout (C:\Program Files\nodejs\node_modules\npm\node_modules\node-fetch-npm\src\body.js:189:16)
11 verbose stack     at listOnTimeout (internal/timers.js:549:17)
11 verbose stack     at processTimers (internal/timers.js:492:7)
12 verbose cwd G:\p.hero\projects\hot-onion-restuarent
13 verbose Windows_NT 6.1.7601
14 verbose argv "C:\\Program Files\\nodejs\\node.exe" "C:\\Program Files\\nodejs\\node_modules\\npm\\bin\\npm-cli.js" "install" "firebase"
15 verbose node v12.17.0
16 verbose npm  v6.14.4
17 error Response timeout while trying to fetch https://registry.npmjs.org/firebase (over 6000ms)
18 verbose exit [ 1, true ]
